<?xml version="1.0" encoding="UTF-8"?>
<!-- Generated by org.testng.reporters.JUnitReportReporter -->
<testsuite hostname="DESKTOP-3UOQ2IT" failures="0" tests="1" name="automationCode_6thNov2022_11thClass.Traverse_CSS_Selectors" time="1.917" errors="0" timestamp="2023-06-30T21:47:43 EDT" skipped="0">
  <testcase classname="automationCode_6thNov2022_11thClass.Traverse_CSS_Selectors" name="clickOnSignIn" time="1.917"/>
  <system-out/>
</testsuite> <!-- automationCode_6thNov2022_11thClass.Traverse_CSS_Selectors -->
