<?xml version="1.0" encoding="UTF-8"?>
<!-- Generated by org.testng.reporters.JUnitReportReporter -->
<testsuite hostname="DESKTOP-3UOQ2IT" failures="0" tests="1" name="testng_parameterization.Facebook" time="7.775" errors="0" timestamp="2023-09-01T21:47:16 EDT" skipped="0">
  <testcase classname="testng_parameterization.Facebook" name="createAccount" time="7.775"/>
  <system-out/>
</testsuite> <!-- testng_parameterization.Facebook -->
