<?xml version="1.0" encoding="UTF-8"?>
<!-- Generated by org.testng.reporters.JUnitReportReporter -->
<testsuite hostname="DESKTOP-3UOQ2IT" failures="0" tests="2" name="automationCode_13thNov2022_13thClass.Rediff_Recording" time="31.033" errors="0" timestamp="2023-09-10T16:43:40 EDT" skipped="0">
  <testcase classname="automationCode_13thNov2022_13thClass.Rediff_Recording" name="test" time="13.368"/>
  <system-out/>
  <testcase classname="automationCode_13thNov2022_13thClass.Rediff_Recording" name="test" time="17.665"/>
  <system-out/>
</testsuite> <!-- automationCode_13thNov2022_13thClass.Rediff_Recording -->
