<?xml version="1.0" encoding="UTF-8"?>
<!-- Generated by org.testng.reporters.JUnitReportReporter -->
<testsuite hostname="DESKTOP-3UOQ2IT" failures="0" tests="1" name="automationCode_6thNov2022_11thClass.Hw_CSS_Selectors_Rediff_tutorialsninja" time="12.400" errors="0" timestamp="2023-07-18T10:37:17 EDT" skipped="0">
  <testcase classname="automationCode_6thNov2022_11thClass.Hw_CSS_Selectors_Rediff_tutorialsninja" name="checkingNewLocators" time="12.400"/>
  <system-out/>
</testsuite> <!-- automationCode_6thNov2022_11thClass.Hw_CSS_Selectors_Rediff_tutorialsninja -->
