<?xml version="1.0" encoding="UTF-8"?>
<!-- Generated by org.testng.reporters.JUnitReportReporter -->
<testsuite hostname="DESKTOP-3UOQ2IT" failures="0" tests="9" name="testNG_code_30thOct2022_9thClass.Priority_AValue" time="0.096" errors="0" timestamp="2023-06-04T15:41:06 EDT" skipped="0">
  <testcase classname="testNG_code_30thOct2022_9thClass.Priority_AValue" name="TestCase3" time="0.066"/>
  <system-out/>
  <testcase classname="testNG_code_30thOct2022_9thClass.Priority_AValue" name="TestCase1" time="0.010"/>
  <system-out/>
  <testcase classname="testNG_code_30thOct2022_9thClass.Priority_AValue" name="TestCase2" time="0.003"/>
  <system-out/>
  <testcase classname="testNG_code_30thOct2022_9thClass.Priority_AValue" name="TestCase5" time="0.007"/>
  <system-out/>
  <testcase classname="testNG_code_30thOct2022_9thClass.Priority_AValue" name="TestCase5" time="0.002"/>
  <system-out/>
  <testcase classname="testNG_code_30thOct2022_9thClass.Priority_AValue" name="TestCase5" time="0.003"/>
  <system-out/>
  <testcase classname="testNG_code_30thOct2022_9thClass.Priority_AValue" name="TestCase5" time="0.001"/>
  <system-out/>
  <testcase classname="testNG_code_30thOct2022_9thClass.Priority_AValue" name="TestCase5" time="0.003"/>
  <system-out/>
  <testcase classname="testNG_code_30thOct2022_9thClass.Priority_AValue" name="TestCase4" time="0.001"/>
  <system-out/>
</testsuite> <!-- testNG_code_30thOct2022_9thClass.Priority_AValue -->
