<?xml version="1.0" encoding="UTF-8"?>
<!-- Generated by org.testng.reporters.JUnitReportReporter -->
<testsuite hostname="DESKTOP-3UOQ2IT" failures="0" tests="3" name="testngCode_12thNov2022_12thClass.DataProvider_Concept" time="0.008" errors="0" timestamp="2023-08-28T21:25:11 EDT" skipped="0">
  <testcase classname="testngCode_12thNov2022_12thClass.DataProvider_Concept" name="dataMatrix" time="0.001"/>
  <system-out/>
  <testcase classname="testngCode_12thNov2022_12thClass.DataProvider_Concept" name="dataMatrix" time="0.001"/>
  <system-out/>
  <testcase classname="testngCode_12thNov2022_12thClass.DataProvider_Concept" name="dataMatrix" time="0.006"/>
  <system-out/>
</testsuite> <!-- testngCode_12thNov2022_12thClass.DataProvider_Concept -->
