<?xml version="1.0" encoding="UTF-8"?>
<!-- Generated by org.testng.reporters.JUnitReportReporter -->
<testsuite hostname="DESKTOP-3UOQ2IT" failures="0" tests="2" name="testng_code_5thNov2022_10thClass.Assertions_In_TestNG" time="0.009" errors="0" timestamp="2023-06-08T12:21:01 EDT" skipped="0">
  <testcase classname="testng_code_5thNov2022_10thClass.Assertions_In_TestNG" name="program1" time="0.008"/>
  <system-out/>
  <testcase classname="testng_code_5thNov2022_10thClass.Assertions_In_TestNG" name="logic1" time="0.001"/>
  <system-out/>
</testsuite> <!-- testng_code_5thNov2022_10thClass.Assertions_In_TestNG -->
