<?xml version="1.0" encoding="UTF-8"?>
<!-- Generated by org.testng.reporters.JUnitReportReporter -->
<testsuite hostname="DESKTOP-3UOQ2IT" failures="0" tests="5" name="testNG_code_30thOct2022_9thClass.Enabled_Operation" time="0.005" errors="0" timestamp="2023-06-04T15:41:06 EDT" skipped="1">
  <testcase classname="testNG_code_30thOct2022_9thClass.Enabled_Operation" name="Tc3" time="0.001"/>
  <system-out/>
  <testcase classname="testNG_code_30thOct2022_9thClass.Enabled_Operation" name="Tc1" time="0.001"/>
  <system-out/>
  <testcase classname="testNG_code_30thOct2022_9thClass.Enabled_Operation" name="Tc2" time="0.001"/>
  <system-out/>
  <testcase classname="testNG_code_30thOct2022_9thClass.Enabled_Operation" name="Tc5" time="0.002"/>
  <system-out/>
  <testcase classname="testNG_code_30thOct2022_9thClass.Enabled_Operation" name="Tc4">
    <skipped/>
  </testcase> <!-- Tc4 -->
  <system-out/>
</testsuite> <!-- testNG_code_30thOct2022_9thClass.Enabled_Operation -->
