<?xml version="1.0" encoding="UTF-8"?>
<!-- Generated by org.testng.reporters.JUnitReportReporter -->
<testsuite hostname="DESKTOP-3UOQ2IT" failures="0" tests="1" name="testngCode_12thNov2022_12thClass.Multiple_Browser_Parameters1" time="15.510" errors="0" timestamp="2023-09-01T19:09:44 EDT" skipped="0">
  <testcase classname="testngCode_12thNov2022_12thClass.Multiple_Browser_Parameters1" name="rediffLogin" time="15.510"/>
  <system-out/>
</testsuite> <!-- testngCode_12thNov2022_12thClass.Multiple_Browser_Parameters1 -->
