<?xml version="1.0" encoding="UTF-8"?>
<!-- Generated by org.testng.reporters.JUnitReportReporter -->
<testsuite hostname="DESKTOP-3UOQ2IT" failures="0" tests="1" name="aCRecordPractice_13thNov2022.Facebook_Recording" time="6.446" errors="0" timestamp="2023-09-11T14:22:06 EDT" skipped="0">
  <testcase classname="aCRecordPractice_13thNov2022.Facebook_Recording" name="test" time="6.446"/>
  <system-out/>
</testsuite> <!-- aCRecordPractice_13thNov2022.Facebook_Recording -->
