<?xml version="1.0" encoding="UTF-8"?>
<!-- Generated by org.testng.reporters.JUnitReportReporter -->
<testsuite hostname="DESKTOP-3UOQ2IT" failures="0" tests="1" name="testNG_code_30thOct2022_9thClass.Execution_Priorities_TestNG" time="0.001" errors="0" timestamp="2023-06-04T15:41:06 EDT" skipped="0">
  <testcase classname="testNG_code_30thOct2022_9thClass.Execution_Priorities_TestNG" name="testcase" time="0.001"/>
  <system-out/>
</testsuite> <!-- testNG_code_30thOct2022_9thClass.Execution_Priorities_TestNG -->
