<?xml version="1.0" encoding="UTF-8"?>
<!-- Generated by org.testng.reporters.JUnitReportReporter -->
<testsuite hostname="DESKTOP-3UOQ2IT" failures="0" tests="1" name="automationCode_6thNov2022_11thClass.NewSelectors_Selenium4" time="11.512" errors="0" timestamp="2023-07-01T21:23:53 EDT" skipped="0">
  <testcase classname="automationCode_6thNov2022_11thClass.NewSelectors_Selenium4" name="checkingNewLocators" time="11.512"/>
  <system-out/>
</testsuite> <!-- automationCode_6thNov2022_11thClass.NewSelectors_Selenium4 -->
