<?xml version="1.0" encoding="UTF-8"?>
<!-- Generated by org.testng.reporters.JUnitReportReporter -->
<testsuite hostname="DESKTOP-3UOQ2IT" failures="0" tests="3" name="testNG_code_30thOct2022_9thClass.TriCombo" time="13.925" errors="0" timestamp="2023-06-04T15:41:06 EDT" skipped="0">
  <testcase classname="testNG_code_30thOct2022_9thClass.TriCombo" name="testcase1" time="3.257"/>
  <system-out/>
  <testcase classname="testNG_code_30thOct2022_9thClass.TriCombo" name="testcase3" time="5.573"/>
  <system-out/>
  <testcase classname="testNG_code_30thOct2022_9thClass.TriCombo" name="testcase2" time="5.095"/>
  <system-out/>
</testsuite> <!-- testNG_code_30thOct2022_9thClass.TriCombo -->
